<?xml version="1.0" encoding="UTF-8"?>
<testng-results skipped="0" failed="0" ignored="0" total="2" passed="2">
  <reporter-output>
  </reporter-output>
  <suite name="Default suite" duration-ms="14479" started-at="2022-02-28T05:16:53Z" finished-at="2022-02-28T05:17:07Z">
    <groups>
    </groups>
    <test name="Default test" duration-ms="14479" started-at="2022-02-28T05:16:53Z" finished-at="2022-02-28T05:17:07Z">
      <class name="com.jbk.test.POM.TestLP">
        <test-method status="PASS" signature="TestRegister()[pri:0, instance:com.jbk.test.POM.TestLP@457e2f02]" name="TestRegister" duration-ms="9009" started-at="2022-02-28T10:46:53Z" finished-at="2022-02-28T10:47:02Z">
          <reporter-output>
          </reporter-output>
        </test-method> <!-- TestRegister -->
        <test-method status="PASS" signature="loginTest()[pri:0, instance:com.jbk.test.POM.TestLP@457e2f02]" name="loginTest" duration-ms="5435" started-at="2022-02-28T10:47:02Z" finished-at="2022-02-28T10:47:07Z">
          <reporter-output>
          </reporter-output>
        </test-method> <!-- loginTest -->
      </class> <!-- com.jbk.test.POM.TestLP -->
    </test> <!-- Default test -->
  </suite> <!-- Default suite -->
</testng-results>
